2025-06-19 09:08:58.302882 - User: AnonymousUser - Path: /admin/login/
2025-06-19 09:09:04.187369 - User: AnonymousUser - Path: /admin/
2025-06-19 09:09:04.191918 - User: AnonymousUser - Path: /admin/login/
2025-06-19 09:09:12.016135 - User: AnonymousUser - Path: /
Not Found: /
2025-06-19 09:09:16.143433 - User: AnonymousUser - Path: /admin/
2025-06-19 09:09:16.148601 - User: AnonymousUser - Path: /admin/login/
/home/sanoy/Documents/Puraibēto/ALX/alx-backend-python/Django-Middleware-0x03/chats/middleware.py changed, reloading.
/home/sanoy/Documents/Puraibēto/ALX/alx-backend-python/Django-Middleware-0x03/chats/middleware.py changed, reloading.
2025-06-19 11:03:15.317583 - User: AnonymousUser - Path: /
Not Found: /
2025-06-19 11:03:20.782746 - User: AnonymousUser - Path: /admin/
2025-06-19 11:03:20.840871 - User: AnonymousUser - Path: /admin/login/
/home/sanoy/Documents/Puraibēto/ALX/alx-backend-python/Django-Middleware-0x03/chats/middleware.py changed, reloading.
/home/sanoy/Documents/Puraibēto/ALX/alx-backend-python/Django-Middleware-0x03/chats/middleware.py changed, reloading.
/home/sanoy/Documents/Puraibēto/ALX/alx-backend-python/Django-Middleware-0x03/chats/middleware.py changed, reloading.
/home/sanoy/Documents/Puraibēto/ALX/alx-backend-python/Django-Middleware-0x03/chats/middleware.py changed, reloading.
/home/sanoy/Documents/Puraibēto/ALX/alx-backend-python/Django-Middleware-0x03/chats/middleware.py changed, reloading.
/home/sanoy/Documents/Puraibēto/ALX/alx-backend-python/Django-Middleware-0x03/chats/middleware.py changed, reloading.
/home/sanoy/Documents/Puraibēto/ALX/alx-backend-python/Django-Middleware-0x03/chats/middleware.py changed, reloading.
/home/sanoy/Documents/Puraibēto/ALX/alx-backend-python/Django-Middleware-0x03/chats/middleware.py changed, reloading.
/home/sanoy/Documents/Puraibēto/ALX/alx-backend-python/Django-Middleware-0x03/chats/middleware.py changed, reloading.
/home/sanoy/Documents/Puraibēto/ALX/alx-backend-python/Django-Middleware-0x03/chats/middleware.py changed, reloading.
/home/sanoy/Documents/Puraibēto/ALX/alx-backend-python/Django-Middleware-0x03/chats/middleware.py changed, reloading.
/home/sanoy/Documents/Puraibēto/ALX/alx-backend-python/Django-Middleware-0x03/chats/middleware.py changed, reloading.
/home/sanoy/Documents/Puraibēto/ALX/alx-backend-python/Django-Middleware-0x03/chats/middleware.py changed, reloading.
/home/sanoy/Documents/Puraibēto/ALX/alx-backend-python/Django-Middleware-0x03/chats/middleware.py changed, reloading.
/home/sanoy/Documents/Puraibēto/ALX/alx-backend-python/Django-Middleware-0x03/chats/middleware.py changed, reloading.
/home/sanoy/Documents/Puraibēto/ALX/alx-backend-python/Django-Middleware-0x03/messaging_app/settings.py changed, reloading.
/home/sanoy/Documents/Puraibēto/ALX/alx-backend-python/Django-Middleware-0x03/messaging_app/settings.py changed, reloading.
/home/sanoy/Documents/Puraibēto/ALX/alx-backend-python/Django-Middleware-0x03/chats/middleware.py changed, reloading.
2025-06-19 14:44:03.608564 - User: AnonymousUser - Path: /admin/
cuurent time: 11:44:03.609453
2025-06-19 14:44:03.706874 - User: AnonymousUser - Path: /admin/login/
cuurent time: 11:44:03.707315
2025-06-19 14:44:08.505492 - User: AnonymousUser - Path: /
cuurent time: 11:44:08.506265
Not Found: /
2025-06-19 14:44:12.654957 - User: AnonymousUser - Path: /admin/
cuurent time: 11:44:12.655412
2025-06-19 14:44:12.668561 - User: AnonymousUser - Path: /admin/login/
cuurent time: 11:44:12.668896
/home/sanoy/Documents/Puraibēto/ALX/alx-backend-python/Django-Middleware-0x03/chats/middleware.py changed, reloading.
/home/sanoy/Documents/Puraibēto/ALX/alx-backend-python/Django-Middleware-0x03/chats/middleware.py changed, reloading.
/home/sanoy/Documents/Puraibēto/ALX/alx-backend-python/Django-Middleware-0x03/chats/middleware.py changed, reloading.
/home/sanoy/Documents/Puraibēto/ALX/alx-backend-python/Django-Middleware-0x03/messaging_app/settings.py changed, reloading.
2025-06-19 15:01:08.850044 - User: AnonymousUser - Path: /
cuurent time: 12:01:08.850836
request.META
Not Found: /
2025-06-19 15:01:20.194149 - User: AnonymousUser - Path: /admin/
cuurent time: 12:01:20.194971
request.META
2025-06-19 15:01:20.251463 - User: AnonymousUser - Path: /admin/login/
cuurent time: 12:01:20.251839
request.META
/home/sanoy/Documents/Puraibēto/ALX/alx-backend-python/Django-Middleware-0x03/chats/middleware.py changed, reloading.
2025-06-19 15:03:43.428956 - User: AnonymousUser - Path: /
cuurent time: 12:03:43.429840
127.0.0.1
Not Found: /
2025-06-19 15:03:50.048963 - User: AnonymousUser - Path: /admin/
cuurent time: 12:03:50.049313
127.0.0.1
2025-06-19 15:03:50.105475 - User: AnonymousUser - Path: /admin/login/
cuurent time: 12:03:50.105821
127.0.0.1
/home/sanoy/Documents/Puraibēto/ALX/alx-backend-python/Django-Middleware-0x03/chats/middleware.py changed, reloading.
/home/sanoy/Documents/Puraibēto/ALX/alx-backend-python/Django-Middleware-0x03/chats/middleware.py changed, reloading.
/home/sanoy/Documents/Puraibēto/ALX/alx-backend-python/Django-Middleware-0x03/chats/middleware.py changed, reloading.
/home/sanoy/Documents/Puraibēto/ALX/alx-backend-python/Django-Middleware-0x03/chats/middleware.py changed, reloading.
/home/sanoy/Documents/Puraibēto/ALX/alx-backend-python/Django-Middleware-0x03/chats/middleware.py changed, reloading.
/home/sanoy/Documents/Puraibēto/ALX/alx-backend-python/Django-Middleware-0x03/chats/middleware.py changed, reloading.
/home/sanoy/Documents/Puraibēto/ALX/alx-backend-python/Django-Middleware-0x03/chats/middleware.py changed, reloading.
/home/sanoy/Documents/Puraibēto/ALX/alx-backend-python/Django-Middleware-0x03/chats/middleware.py changed, reloading.
/home/sanoy/Documents/Puraibēto/ALX/alx-backend-python/Django-Middleware-0x03/chats/middleware.py changed, reloading.
/home/sanoy/Documents/Puraibēto/ALX/alx-backend-python/Django-Middleware-0x03/chats/middleware.py changed, reloading.
/home/sanoy/Documents/Puraibēto/ALX/alx-backend-python/Django-Middleware-0x03/chats/middleware.py changed, reloading.
/home/sanoy/Documents/Puraibēto/ALX/alx-backend-python/Django-Middleware-0x03/chats/middleware.py changed, reloading.
/home/sanoy/Documents/Puraibēto/ALX/alx-backend-python/Django-Middleware-0x03/chats/middleware.py changed, reloading.
